<?xml version="1.0" encoding="UTF-8"?>
<testsuite name="com.fast.cps.study.repository.ItemRepositoryTest" tests="1" skipped="0" failures="0" errors="0" timestamp="2020-07-04T14:26:16" hostname="Sanghyunui-iMac.local" time="0.156">
  <properties/>
  <testcase name="create()" classname="com.fast.cps.study.repository.ItemRepositoryTest" time="0.156"/>
  <system-out><![CDATA[23:26:13.227 [Test worker] DEBUG org.springframework.test.context.BootstrapUtils - Instantiating CacheAwareContextLoaderDelegate from class [org.springframework.test.context.cache.DefaultCacheAwareContextLoaderDelegate]
23:26:13.235 [Test worker] DEBUG org.springframework.test.context.BootstrapUtils - Instantiating BootstrapContext using constructor [public org.springframework.test.context.support.DefaultBootstrapContext(java.lang.Class,org.springframework.test.context.CacheAwareContextLoaderDelegate)]
23:26:13.254 [Test worker] DEBUG org.springframework.test.context.BootstrapUtils - Instantiating TestContextBootstrapper for test class [com.fast.cps.study.repository.ItemRepositoryTest] from class [org.springframework.boot.test.context.SpringBootTestContextBootstrapper]
23:26:13.265 [Test worker] INFO org.springframework.boot.test.context.SpringBootTestContextBootstrapper - Neither @ContextConfiguration nor @ContextHierarchy found for test class [com.fast.cps.study.repository.ItemRepositoryTest], using SpringBootContextLoader
23:26:13.268 [Test worker] DEBUG org.springframework.test.context.support.AbstractContextLoader - Did not detect default resource location for test class [com.fast.cps.study.repository.ItemRepositoryTest]: class path resource [com/fast/cps/study/repository/ItemRepositoryTest-context.xml] does not exist
23:26:13.269 [Test worker] DEBUG org.springframework.test.context.support.AbstractContextLoader - Did not detect default resource location for test class [com.fast.cps.study.repository.ItemRepositoryTest]: class path resource [com/fast/cps/study/repository/ItemRepositoryTestContext.groovy] does not exist
23:26:13.269 [Test worker] INFO org.springframework.test.context.support.AbstractContextLoader - Could not detect default resource locations for test class [com.fast.cps.study.repository.ItemRepositoryTest]: no resource found for suffixes {-context.xml, Context.groovy}.
23:26:13.269 [Test worker] INFO org.springframework.test.context.support.AnnotationConfigContextLoaderUtils - Could not detect default configuration classes for test class [com.fast.cps.study.repository.ItemRepositoryTest]: ItemRepositoryTest does not declare any static, non-private, non-final, nested classes annotated with @Configuration.
23:26:13.303 [Test worker] DEBUG org.springframework.test.context.support.ActiveProfilesUtils - Could not find an 'annotation declaring class' for annotation type [org.springframework.test.context.ActiveProfiles] and class [com.fast.cps.study.repository.ItemRepositoryTest]
23:26:13.350 [Test worker] DEBUG org.springframework.context.annotation.ClassPathScanningCandidateComponentProvider - Identified candidate component class: file [/Users/sanghyunyun/Documents/fastcampus/build/classes/java/main/com/fast/cps/study/FastcampusApplication.class]
23:26:13.350 [Test worker] INFO org.springframework.boot.test.context.SpringBootTestContextBootstrapper - Found @SpringBootConfiguration com.fast.cps.study.FastcampusApplication for test class com.fast.cps.study.repository.ItemRepositoryTest
23:26:13.416 [Test worker] DEBUG org.springframework.boot.test.context.SpringBootTestContextBootstrapper - @TestExecutionListeners is not present for class [com.fast.cps.study.repository.ItemRepositoryTest]: using defaults.
23:26:13.417 [Test worker] INFO org.springframework.boot.test.context.SpringBootTestContextBootstrapper - Loaded default TestExecutionListener class names from location [META-INF/spring.factories]: [org.springframework.boot.test.autoconfigure.restdocs.RestDocsTestExecutionListener, org.springframework.boot.test.autoconfigure.web.client.MockRestServiceServerResetTestExecutionListener, org.springframework.boot.test.autoconfigure.web.servlet.MockMvcPrintOnlyOnFailureTestExecutionListener, org.springframework.boot.test.autoconfigure.web.servlet.WebDriverTestExecutionListener, org.springframework.boot.test.autoconfigure.webservices.client.MockWebServiceServerTestExecutionListener, org.springframework.boot.test.mock.mockito.MockitoTestExecutionListener, org.springframework.boot.test.mock.mockito.ResetMocksTestExecutionListener, org.springframework.test.context.web.ServletTestExecutionListener, org.springframework.test.context.support.DirtiesContextBeforeModesTestExecutionListener, org.springframework.test.context.support.DependencyInjectionTestExecutionListener, org.springframework.test.context.support.DirtiesContextTestExecutionListener, org.springframework.test.context.transaction.TransactionalTestExecutionListener, org.springframework.test.context.jdbc.SqlScriptsTestExecutionListener, org.springframework.test.context.event.EventPublishingTestExecutionListener]
23:26:13.427 [Test worker] INFO org.springframework.boot.test.context.SpringBootTestContextBootstrapper - Using TestExecutionListeners: [org.springframework.test.context.web.ServletTestExecutionListener@10c4fb06, org.springframework.test.context.support.DirtiesContextBeforeModesTestExecutionListener@e975c05, org.springframework.boot.test.mock.mockito.MockitoTestExecutionListener@bd6927c, org.springframework.boot.test.autoconfigure.SpringBootDependencyInjectionTestExecutionListener@5b2f69dc, org.springframework.test.context.support.DirtiesContextTestExecutionListener@6c84b574, org.springframework.test.context.transaction.TransactionalTestExecutionListener@5847ab95, org.springframework.test.context.jdbc.SqlScriptsTestExecutionListener@673d9793, org.springframework.test.context.event.EventPublishingTestExecutionListener@477c7321, org.springframework.boot.test.autoconfigure.restdocs.RestDocsTestExecutionListener@e9a41af, org.springframework.boot.test.autoconfigure.web.client.MockRestServiceServerResetTestExecutionListener@6be448ea, org.springframework.boot.test.autoconfigure.web.servlet.MockMvcPrintOnlyOnFailureTestExecutionListener@60eedb0a, org.springframework.boot.test.autoconfigure.web.servlet.WebDriverTestExecutionListener@44af494d, org.springframework.boot.test.autoconfigure.webservices.client.MockWebServiceServerTestExecutionListener@1864ff4e, org.springframework.boot.test.mock.mockito.ResetMocksTestExecutionListener@510e57b0]
23:26:13.430 [Test worker] DEBUG org.springframework.test.context.support.AbstractDirtiesContextTestExecutionListener - Before test class: context [DefaultTestContext@27250f40 testClass = ItemRepositoryTest, testInstance = [null], testMethod = [null], testException = [null], mergedContextConfiguration = [WebMergedContextConfiguration@e4a5fcd testClass = ItemRepositoryTest, locations = '{}', classes = '{class com.fast.cps.study.FastcampusApplication}', contextInitializerClasses = '[]', activeProfiles = '{}', propertySourceLocations = '{}', propertySourceProperties = '{org.springframework.boot.test.context.SpringBootTestContextBootstrapper=true}', contextCustomizers = set[org.springframework.boot.test.autoconfigure.properties.PropertyMappingContextCustomizer@0, org.springframework.boot.test.autoconfigure.web.servlet.WebDriverContextCustomizerFactory$Customizer@9d00893, org.springframework.boot.test.context.filter.ExcludeFilterContextCustomizer@449b9990, org.springframework.boot.test.json.DuplicateJsonObjectContextCustomizerFactory$DuplicateJsonObjectContextCustomizer@456cc5d6, org.springframework.boot.test.mock.mockito.MockitoContextCustomizer@0, org.springframework.boot.test.web.client.TestRestTemplateContextCustomizer@5dae15e, org.springframework.boot.test.context.SpringBootTestArgs@1], resourceBasePath = 'src/main/webapp', contextLoader = 'org.springframework.boot.test.context.SpringBootContextLoader', parent = [null]], attributes = map['org.springframework.test.context.web.ServletTestExecutionListener.activateListener' -> true]], class annotated with @DirtiesContext [false] with mode [null].
23:26:13.448 [Test worker] DEBUG org.springframework.test.context.support.TestPropertySourceUtils - Adding inlined properties to environment: {spring.jmx.enabled=false, org.springframework.boot.test.context.SpringBootTestContextBootstrapper=true}

  .   ____          _            __ _ _
 /\\ / ___'_ __ _ _(_)_ __  __ _ \ \ \ \
( ( )\___ | '_ | '_| | '_ \/ _` | \ \ \ \
 \\/  ___)| |_)| | | | | || (_| |  ) ) ) )
  '  |____| .__|_| |_|_| |_\__, | / / / /
 =========|_|==============|___/=/_/_/_/
 :: Spring Boot ::        (v2.3.1.RELEASE)

2020-07-04 23:26:13.615  INFO 858 --- [    Test worker] c.f.c.s.repository.ItemRepositoryTest    : Starting ItemRepositoryTest on Sanghyunui-iMac.local with PID 858 (started by sanghyunyun in /Users/sanghyunyun/Documents/fastcampus)
2020-07-04 23:26:13.616  INFO 858 --- [    Test worker] c.f.c.s.repository.ItemRepositoryTest    : No active profile set, falling back to default profiles: default
2020-07-04 23:26:14.043  INFO 858 --- [    Test worker] .s.d.r.c.RepositoryConfigurationDelegate : Bootstrapping Spring Data JPA repositories in DEFERRED mode.
2020-07-04 23:26:14.104  INFO 858 --- [    Test worker] .s.d.r.c.RepositoryConfigurationDelegate : Finished Spring Data repository scanning in 55ms. Found 7 JPA repository interfaces.
2020-07-04 23:26:14.518  INFO 858 --- [    Test worker] o.s.s.concurrent.ThreadPoolTaskExecutor  : Initializing ExecutorService 'applicationTaskExecutor'
2020-07-04 23:26:14.526  INFO 858 --- [    Test worker] com.zaxxer.hikari.HikariDataSource       : HikariPool-1 - Starting...
2020-07-04 23:26:14.798  INFO 858 --- [    Test worker] com.zaxxer.hikari.HikariDataSource       : HikariPool-1 - Start completed.
2020-07-04 23:26:14.848  INFO 858 --- [         task-1] o.hibernate.jpa.internal.util.LogHelper  : HHH000204: Processing PersistenceUnitInfo [name: default]
2020-07-04 23:26:14.884  INFO 858 --- [         task-1] org.hibernate.Version                    : HHH000412: Hibernate ORM core version 5.4.17.Final
2020-07-04 23:26:14.998  INFO 858 --- [         task-1] o.hibernate.annotations.common.Version   : HCANN000001: Hibernate Commons Annotations {5.1.0.Final}
2020-07-04 23:26:15.091  INFO 858 --- [         task-1] org.hibernate.dialect.Dialect            : HHH000400: Using dialect: org.hibernate.dialect.MySQL8Dialect
2020-07-04 23:26:15.675  INFO 858 --- [         task-1] o.h.e.t.j.p.i.JtaPlatformInitiator       : HHH000490: Using JtaPlatform implementation: [org.hibernate.engine.transaction.jta.platform.internal.NoJtaPlatform]
2020-07-04 23:26:15.681  INFO 858 --- [         task-1] j.LocalContainerEntityManagerFactoryBean : Initialized JPA EntityManagerFactory for persistence unit 'default'
2020-07-04 23:26:15.821  WARN 858 --- [    Test worker] JpaBaseConfiguration$JpaWebConfiguration : spring.jpa.open-in-view is enabled by default. Therefore, database queries may be performed during view rendering. Explicitly configure spring.jpa.open-in-view to disable this warning
2020-07-04 23:26:16.207  INFO 858 --- [    Test worker] DeferredRepositoryInitializationListener : Triggering deferred initialization of Spring Data repositories…
2020-07-04 23:26:16.615  INFO 858 --- [    Test worker] DeferredRepositoryInitializationListener : Spring Data repositories initialized!
2020-07-04 23:26:16.621  INFO 858 --- [    Test worker] c.f.c.s.repository.ItemRepositoryTest    : Started ItemRepositoryTest in 3.167 seconds (JVM running for 3.974)
2020-07-04 23:26:16.643  INFO 858 --- [    Test worker] o.s.t.c.transaction.TransactionContext   : Began transaction (1) for test context [DefaultTestContext@27250f40 testClass = ItemRepositoryTest, testInstance = com.fast.cps.study.repository.ItemRepositoryTest@5709d7fd, testMethod = create@ItemRepositoryTest, testException = [null], mergedContextConfiguration = [WebMergedContextConfiguration@e4a5fcd testClass = ItemRepositoryTest, locations = '{}', classes = '{class com.fast.cps.study.FastcampusApplication}', contextInitializerClasses = '[]', activeProfiles = '{}', propertySourceLocations = '{}', propertySourceProperties = '{org.springframework.boot.test.context.SpringBootTestContextBootstrapper=true}', contextCustomizers = set[org.springframework.boot.test.autoconfigure.properties.PropertyMappingContextCustomizer@0, org.springframework.boot.test.autoconfigure.web.servlet.WebDriverContextCustomizerFactory$Customizer@9d00893, org.springframework.boot.test.context.filter.ExcludeFilterContextCustomizer@449b9990, org.springframework.boot.test.json.DuplicateJsonObjectContextCustomizerFactory$DuplicateJsonObjectContextCustomizer@456cc5d6, org.springframework.boot.test.mock.mockito.MockitoContextCustomizer@0, org.springframework.boot.test.web.client.TestRestTemplateContextCustomizer@5dae15e, org.springframework.boot.test.context.SpringBootTestArgs@1], resourceBasePath = 'src/main/webapp', contextLoader = 'org.springframework.boot.test.context.SpringBootContextLoader', parent = [null]], attributes = map['org.springframework.test.context.web.ServletTestExecutionListener.activateListener' -> true, 'org.springframework.test.context.web.ServletTestExecutionListener.populatedRequestContextHolder' -> true, 'org.springframework.test.context.web.ServletTestExecutionListener.resetRequestContextHolder' -> true]]; transaction manager [org.springframework.orm.jpa.JpaTransactionManager@2385e8c]; rollback [true]
Hibernate: select partner0_.id as id1_5_0_, partner0_.address as address2_5_0_, partner0_.business_number as business3_5_0_, partner0_.call_center as call_cen4_5_0_, partner0_.category_id as categor15_5_0_, partner0_.ceo_name as ceo_name5_5_0_, partner0_.created_at as created_6_5_0_, partner0_.created_by as created_7_5_0_, partner0_.name as name8_5_0_, partner0_.partner_number as partner_9_5_0_, partner0_.registered_at as registe10_5_0_, partner0_.status as status11_5_0_, partner0_.unregistered_at as unregis12_5_0_, partner0_.updated_at as updated13_5_0_, partner0_.updated_by as updated14_5_0_, category1_.id as id1_1_1_, category1_.created_at as created_2_1_1_, category1_.created_by as created_3_1_1_, category1_.title as title4_1_1_, category1_.type as type5_1_1_, category1_.updated_at as updated_6_1_1_, category1_.updated_by as updated_7_1_1_ from partner partner0_ left outer join category category1_ on partner0_.category_id=category1_.id where partner0_.id=?
Hibernate: insert into item (brand_name, content, created_at, created_by, name, partner_id, price, registered_at, status, title, unregistered_at, updated_at, updated_by) values (?, ?, ?, ?, ?, ?, ?, ?, ?, ?, ?, ?, ?)
2020-07-04 23:26:16.790  INFO 858 --- [    Test worker] o.s.t.c.transaction.TransactionContext   : Rolled back transaction for test: [DefaultTestContext@27250f40 testClass = ItemRepositoryTest, testInstance = com.fast.cps.study.repository.ItemRepositoryTest@5709d7fd, testMethod = create@ItemRepositoryTest, testException = [null], mergedContextConfiguration = [WebMergedContextConfiguration@e4a5fcd testClass = ItemRepositoryTest, locations = '{}', classes = '{class com.fast.cps.study.FastcampusApplication}', contextInitializerClasses = '[]', activeProfiles = '{}', propertySourceLocations = '{}', propertySourceProperties = '{org.springframework.boot.test.context.SpringBootTestContextBootstrapper=true}', contextCustomizers = set[org.springframework.boot.test.autoconfigure.properties.PropertyMappingContextCustomizer@0, org.springframework.boot.test.autoconfigure.web.servlet.WebDriverContextCustomizerFactory$Customizer@9d00893, org.springframework.boot.test.context.filter.ExcludeFilterContextCustomizer@449b9990, org.springframework.boot.test.json.DuplicateJsonObjectContextCustomizerFactory$DuplicateJsonObjectContextCustomizer@456cc5d6, org.springframework.boot.test.mock.mockito.MockitoContextCustomizer@0, org.springframework.boot.test.web.client.TestRestTemplateContextCustomizer@5dae15e, org.springframework.boot.test.context.SpringBootTestArgs@1], resourceBasePath = 'src/main/webapp', contextLoader = 'org.springframework.boot.test.context.SpringBootContextLoader', parent = [null]], attributes = map['org.springframework.test.context.web.ServletTestExecutionListener.activateListener' -> true, 'org.springframework.test.context.web.ServletTestExecutionListener.populatedRequestContextHolder' -> true, 'org.springframework.test.context.web.ServletTestExecutionListener.resetRequestContextHolder' -> true]]
]]></system-out>
  <system-err><![CDATA[]]></system-err>
</testsuite>
